[INFO  - 2017-04-03T00:35:12.455Z] GhostDriver - Main - running on port 54848
[INFO  - 2017-04-03T00:35:13.618Z] Session [66c21cf0-1805-11e7-a110-f1c707d34e0a] - page.settings - {"XSSAuditingEnabled":false,"javascriptCanCloseWindows":true,"javascriptCanOpenWindows":true,"javascriptEnabled":true,"loadImages":true,"localToRemoteUrlAccessEnabled":false,"userAgent":"Mozilla/5.0 (Windows NT 6.2; WOW64) AppleWebKit/538.1 (KHTML, like Gecko) PhantomJS/2.1.1 Safari/538.1","webSecurityEnabled":true}
[INFO  - 2017-04-03T00:35:13.618Z] Session [66c21cf0-1805-11e7-a110-f1c707d34e0a] - page.customHeaders:  - {}
[INFO  - 2017-04-03T00:35:13.618Z] Session [66c21cf0-1805-11e7-a110-f1c707d34e0a] - Session.negotiatedCapabilities - {"browserName":"phantomjs","version":"2.1.1","driverName":"ghostdriver","driverVersion":"1.2.0","platform":"windows-10-32bit","javascriptEnabled":true,"takesScreenshot":true,"handlesAlerts":false,"databaseEnabled":false,"locationContextEnabled":false,"applicationCacheEnabled":false,"browserConnectionEnabled":false,"cssSelectorsEnabled":true,"webStorageEnabled":false,"rotatable":false,"acceptSslCerts":false,"nativeEvents":true,"proxy":{"proxyType":"direct"}}
[INFO  - 2017-04-03T00:35:13.618Z] SessionManagerReqHand - _postNewSessionCommand - New Session Created: 66c21cf0-1805-11e7-a110-f1c707d34e0a
[ERROR - 2017-04-03T00:35:20.096Z] Session [66c21cf0-1805-11e7-a110-f1c707d34e0a] - page.onError - msg: TypeError: undefined is not a constructor (evaluating 'v.load()')

  phantomjs://platform/console++.js:263 in error
[ERROR - 2017-04-03T00:35:20.096Z] Session [66c21cf0-1805-11e7-a110-f1c707d34e0a] - page.onError - stack:
  _resolve (https://vk.com/js/al/common.js?1143_966651036:7907)
  checkMp4 (https://vk.com/js/al/common.js?1143_966651036:7894)
  initGifAutoplay (https://vk.com/js/al/page.js?562874834:1202)

  phantomjs://platform/console++.js:263 in error
[INFO  - 2017-04-03T00:40:13.297Z] SessionManagerReqHand - _cleanupWindowlessSessions - Asynchronous Sessions clean-up phase starting NOW
[INFO  - 2017-04-03T00:45:13.297Z] SessionManagerReqHand - _cleanupWindowlessSessions - Asynchronous Sessions clean-up phase starting NOW
[INFO  - 2017-04-03T00:50:13.296Z] SessionManagerReqHand - _cleanupWindowlessSessions - Asynchronous Sessions clean-up phase starting NOW
[ERROR - 2017-04-03T00:52:58.955Z] WebElementLocator - _handleLocateCommand - Element(s) NOT Found: GAVE UP. Search Stop Time: 1491180778894

  phantomjs://platform/console++.js:263 in error
[ERROR - 2017-04-03T00:52:59.810Z] WebElementLocator - _handleLocateCommand - Element(s) NOT Found: GAVE UP. Search Stop Time: 1491180779805

  phantomjs://platform/console++.js:263 in error
[INFO  - 2017-04-03T00:55:13.303Z] SessionManagerReqHand - _cleanupWindowlessSessions - Asynchronous Sessions clean-up phase starting NOW
